# JRE version: Java(TM) SE Runtime Environment (12.0.1+12) (build 12.0.1+12)
# Java VM: Java HotSpot(TM) 64-Bit Server VM (12.0.1+12, mixed mode, sharing, tiered, compressed oops, g1 gc, linux-amd64)
Heap:
 garbage-first heap   total 303104K, used 140342K [0x0000000086c00000, 0x0000000100000000)
  region size 1024K, 4 young (4096K), 1 survivors (1024K)
 Metaspace       used 17506K, capacity 18338K, committed 18560K, reserved 1064960K
  class space    used 2496K, capacity 2832K, committed 2944K, reserved 1048576K
GC Heap History (10 events):
Event: 18.630 GC heap before
{Heap before GC invocations=21 (full 0):
 garbage-first heap   total 194560K, used 112684K [0x0000000086c00000, 0x0000000100000000)
  region size 1024K, 2 young (2048K), 1 survivors (1024K)
 Metaspace       used 16965K, capacity 17748K, committed 17920K, reserved 1064960K
  class space    used 2382K, capacity 2699K, committed 2816K, reserved 1048576K
}
Event: 18.631 GC heap after
{Heap after GC invocations=22 (full 0):
 garbage-first heap   total 194560K, used 112688K [0x0000000086c00000, 0x0000000100000000)
  region size 1024K, 1 young (1024K), 1 survivors (1024K)
 Metaspace       used 16965K, capacity 17748K, committed 17920K, reserved 1064960K
  class space    used 2382K, capacity 2699K, committed 2816K, reserved 1048576K
}
Event: 18.653 GC heap before
{Heap before GC invocations=23 (full 0):
 garbage-first heap   total 203776K, used 117808K [0x0000000086c00000, 0x0000000100000000)
  region size 1024K, 2 young (2048K), 1 survivors (1024K)
 Metaspace       used 16965K, capacity 17748K, committed 17920K, reserved 1064960K
  class space    used 2382K, capacity 2699K, committed 2816K, reserved 1048576K
}
Event: 18.653 GC heap after
{Heap after GC invocations=24 (full 0):
 garbage-first heap   total 203776K, used 117808K [0x0000000086c00000, 0x0000000100000000)
  region size 1024K, 1 young (1024K), 1 survivors (1024K)
 Metaspace       used 16965K, capacity 17748K, committed 17920K, reserved 1064960K
  class space    used 2382K, capacity 2699K, committed 2816K, reserved 1048576K
}
Event: 18.675 GC heap before
{Heap before GC invocations=25 (full 0):
 garbage-first heap   total 211968K, used 122928K [0x0000000086c00000, 0x0000000100000000)
  region size 1024K, 2 young (2048K), 1 survivors (1024K)
 Metaspace       used 16965K, capacity 17748K, committed 17920K, reserved 1064960K
  class space    used 2382K, capacity 2699K, committed 2816K, reserved 1048576K
}
Event: 18.676 GC heap after
{Heap after GC invocations=26 (full 0):
 garbage-first heap   total 211968K, used 122932K [0x0000000086c00000, 0x0000000100000000)
  region size 1024K, 1 young (1024K), 1 survivors (1024K)
 Metaspace       used 16965K, capacity 17748K, committed 17920K, reserved 1064960K
  class space    used 2382K, capacity 2699K, committed 2816K, reserved 1048576K
}
Event: 18.698 GC heap before
{Heap before GC invocations=27 (full 0):
 garbage-first heap   total 220160K, used 128052K [0x0000000086c00000, 0x0000000100000000)
  region size 1024K, 2 young (2048K), 1 survivors (1024K)
 Metaspace       used 16965K, capacity 17748K, committed 17920K, reserved 1064960K
  class space    used 2382K, capacity 2699K, committed 2816K, reserved 1048576K
}
Event: 18.699 GC heap after
{Heap after GC invocations=28 (full 0):
 garbage-first heap   total 220160K, used 128052K [0x0000000086c00000, 0x0000000100000000)
  region size 1024K, 1 young (1024K), 1 survivors (1024K)
 Metaspace       used 16965K, capacity 17748K, committed 17920K, reserved 1064960K
  class space    used 2382K, capacity 2699K, committed 2816K, reserved 1048576K
}
Event: 18.721 GC heap before
{Heap before GC invocations=29 (full 0):
 garbage-first heap   total 229376K, used 133172K [0x0000000086c00000, 0x0000000100000000)
  region size 1024K, 2 young (2048K), 1 survivors (1024K)
 Metaspace       used 16965K, capacity 17748K, committed 17920K, reserved 1064960K
  class space    used 2382K, capacity 2699K, committed 2816K, reserved 1048576K
}
Event: 18.722 GC heap after
{Heap after GC invocations=30 (full 0):
 garbage-first heap   total 303104K, used 133174K [0x0000000086c00000, 0x0000000100000000)
  region size 1024K, 1 young (1024K), 1 survivors (1024K)
 Metaspace       used 16965K, capacity 17748K, committed 17920K, reserved 1064960K
  class space    used 2382K, capacity 2699K, committed 2816K, reserved 1048576K
}

